./gopkg.in/square/go-jose.v2
./gopkg.in/natefinch/lumberjack.v2
./gopkg.in/gcfg.v1/types
./gopkg.in/gcfg.v1/scanner
./gopkg.in/gcfg.v1/token
./golang.org/x/oauth2
./golang.org/x/net
./golang.org/x/crypto
./golang.org/x/text
./golang.org/x/tools
./golang.org/x/sys
./golang.org/x/time
./k8s.io/api/auditregistration
./k8s.io/api/extensions
./k8s.io/api/scheduling
./k8s.io/api/admissionregistration
./k8s.io/api/core
./k8s.io/api/policy
./k8s.io/api/rbac
./k8s.io/api/autoscaling
./k8s.io/api/events
./k8s.io/api/settings
./k8s.io/api/storage
./k8s.io/api/apps
./k8s.io/api/networking
./k8s.io/api/coordination
./k8s.io/api/authorization
./k8s.io/api/certificates
./k8s.io/api/authentication
./k8s.io/api/imagepolicy
./k8s.io/api/admission
./k8s.io/api/batch
./k8s.io/api/node
./k8s.io/kube-openapi/pkg
./k8s.io/cluster-bootstrap/token
./k8s.io/apimachinery/third_party
./k8s.io/apimachinery/pkg
./k8s.io/csi-translation-lib/plugins
./k8s.io/apiserver/plugin
./k8s.io/apiserver/pkg
./k8s.io/legacy-cloud-providers/azure
./k8s.io/legacy-cloud-providers/vsphere
./k8s.io/legacy-cloud-providers/gce
./k8s.io/legacy-cloud-providers/aws
./k8s.io/apiextensions-apiserver/pkg
./k8s.io/kube-aggregator/pkg
./k8s.io/client-go/third_party
./k8s.io/client-go/rest
./k8s.io/client-go/transport
./k8s.io/client-go/informers
./k8s.io/client-go/discovery
./k8s.io/client-go/restmapper
./k8s.io/client-go/util
./k8s.io/client-go/tools
./k8s.io/client-go/scale
./k8s.io/client-go/plugin
./k8s.io/client-go/listers
./k8s.io/client-go/pkg
./k8s.io/client-go/dynamic
./k8s.io/client-go/kubernetes
./k8s.io/component-base/cli
./k8s.io/component-base/featuregate
./k8s.io/component-base/logs
./k8s.io/utils/pointer
./k8s.io/utils/integer
./k8s.io/utils/net
./k8s.io/utils/exec
./k8s.io/utils/path
./k8s.io/utils/keymutex
./k8s.io/utils/nsenter
./k8s.io/utils/io
./k8s.io/utils/trace
./k8s.io/utils/strings
./k8s.io/utils/buffer
./k8s.io/kubernetes/third_party
./k8s.io/kubernetes/plugin
./k8s.io/kubernetes/pkg
./k8s.io/cloud-provider/service
./k8s.io/cloud-provider/node
./k8s.io/cloud-provider/volume
./google.golang.org/api/googleapi
./google.golang.org/api/container
./google.golang.org/api/tpu
./google.golang.org/api/gensupport
./google.golang.org/api/compute
./google.golang.org/genproto/googleapis
./google.golang.org/grpc/connectivity
./google.golang.org/grpc/naming
./google.golang.org/grpc/grpclog
./google.golang.org/grpc/transport
./google.golang.org/grpc/resolver
./google.golang.org/grpc/status
./google.golang.org/grpc/credentials
./google.golang.org/grpc/stats
./google.golang.org/grpc/balancer
./google.golang.org/grpc/metadata
./google.golang.org/grpc/internal
./google.golang.org/grpc/encoding
./google.golang.org/grpc/peer
./google.golang.org/grpc/tap
./google.golang.org/grpc/keepalive
./google.golang.org/grpc/health
./google.golang.org/grpc/codes
./google.golang.org/appengine/urlfetch
./google.golang.org/appengine/internal
./github.com/xanzy/go-cloudstack
./github.com/grpc-ecosystem/go-grpc-prometheus
./github.com/asaskevich/govalidator
./github.com/pquerna/cachecontrol
./github.com/imdario/mergo
./github.com/gophercloud/gophercloud
./github.com/hashicorp/golang-lru
./github.com/Azure/go-ansiterm
./github.com/Azure/azure-sdk-for-go
./github.com/Azure/go-autorest
./github.com/jmespath/go-jmespath
./github.com/marstr/guid
./github.com/liggitt/tabwriter
./github.com/pborman/uuid
./github.com/globalsign/mgo
./github.com/satori/go.uuid
./github.com/munnerz/goautoneg
./github.com/GoogleCloudPlatform/k8s-cloud-provider
./github.com/inconshreveable/mousetrap
./github.com/gogo/protobuf
./github.com/matttproud/golang_protobuf_extensions
./github.com/modern-go/reflect2
./github.com/modern-go/concurrent
./github.com/evanphx/json-patch
./github.com/emicklei/go-restful
./github.com/PuerkitoBio/purell
./github.com/PuerkitoBio/urlesc
./github.com/mailru/easyjson
./github.com/davecgh/go-spew
./github.com/d2g/dhcp4
./github.com/d2g/dhcp4client
./github.com/kardianos/osext
./github.com/coreos/go-systemd
./github.com/coreos/etcd
./github.com/coreos/go-semver
./github.com/coreos/go-oidc
./github.com/rubiojr/go-vhd
./github.com/beorn7/perks
./github.com/vmware/photon-controller-go-sdk
./github.com/vmware/govmomi
./github.com/go-openapi/validate
./github.com/go-openapi/loads
./github.com/go-openapi/errors
./github.com/go-openapi/strfmt
./github.com/go-openapi/runtime
./github.com/go-openapi/jsonreference
./github.com/go-openapi/spec
./github.com/go-openapi/jsonpointer
./github.com/go-openapi/swag
./github.com/go-openapi/analysis
./github.com/docker/docker
./github.com/docker/spdystream
./github.com/docker/distribution
./github.com/aws/aws-sdk-go
./github.com/konsorten/go-windows-terminal-sequences
./github.com/google/uuid
./github.com/google/gofuzz
./github.com/dgrijalva/jwt-go
./github.com/spf13/pflag
./github.com/spf13/cobra
./github.com/mxk/go-flowrate
./github.com/prometheus/common
./github.com/prometheus/client_golang
./github.com/prometheus/procfs
./github.com/prometheus/client_model
./github.com/NYTimes/gziphandler
./github.com/googleapis/gnostic
./github.com/json-iterator/go
./github.com/mitchellh/mapstructure
./github.com/golang/protobuf
./github.com/golang/groupcache
./github.com/robfig/cron
./github.com/sirupsen/logrus
./github.com/opencontainers/go-digest
./cloud.google.com/go/compute
./sigs.k8s.io/structured-merge-diff/schema
./sigs.k8s.io/structured-merge-diff/typed
./sigs.k8s.io/structured-merge-diff/value
./sigs.k8s.io/structured-merge-diff/fieldpath
./sigs.k8s.io/structured-merge-diff/merge
